<?xml version="1.0" encoding="UTF-8"?>
<testsuite name="de.neonique.persistence.source_loader.TestSourceLoaderFromFolder" tests="1" skipped="0" failures="0" errors="0" timestamp="2024-01-27T21:34:46" hostname="DESKTOP-2SU9F9I" time="0.039">
  <properties/>
  <testcase name="get default src path, when no custom path is configured" classname="de.neonique.persistence.source_loader.TestSourceLoaderFromFolder" time="0.039"/>
  <system-out><![CDATA[]]></system-out>
  <system-err><![CDATA[]]></system-err>
</testsuite>
