<?xml version="1.0" encoding="UTF-8"?>
<testsuite name="de.neonique.service.TestFileMoverLocal" tests="1" skipped="0" failures="0" errors="0" timestamp="2024-01-28T12:53:54" hostname="DESKTOP-2SU9F9I" time="0.01">
  <properties/>
  <testcase name="moving a file" classname="de.neonique.service.TestFileMoverLocal" time="0.01"/>
  <system-out><![CDATA[]]></system-out>
  <system-err><![CDATA[]]></system-err>
</testsuite>
