<?xml version="1.0" encoding="UTF-8"?>
<testsuite name="de.neonique.persistence.identifier.TestIdentifierManagerFromCSV" tests="2" skipped="0" failures="0" errors="0" timestamp="2024-01-28T20:36:57" hostname="DESKTOP-2SU9F9I" time="0.002">
  <properties/>
  <testcase name="get identifier from csv with correct format" classname="de.neonique.persistence.identifier.TestIdentifierManagerFromCSV" time="0.001"/>
  <testcase name="throws exception in case of invalid path from identifier.csv" classname="de.neonique.persistence.identifier.TestIdentifierManagerFromCSV" time="0.0"/>
  <system-out><![CDATA[]]></system-out>
  <system-err><![CDATA[]]></system-err>
</testsuite>
