<?xml version="1.0" encoding="UTF-8"?>
<testsuite name="de.neonique.source_loader.TestSourceLoaderFromFolder" tests="1" skipped="0" failures="0" errors="0" timestamp="2024-01-27T18:25:16" hostname="DESKTOP-2SU9F9I" time="0.003">
  <properties/>
  <testcase name="Test" classname="de.neonique.source_loader.TestSourceLoaderFromFolder" time="0.003"/>
  <system-out><![CDATA[]]></system-out>
  <system-err><![CDATA[]]></system-err>
</testsuite>
