<?xml version="1.0" encoding="UTF-8"?>
<testsuite name="de.neonique.persistence.identifier.TestIdentifierManagerFromCSV" tests="1" skipped="0" failures="0" errors="0" timestamp="2024-01-28T13:28:09" hostname="DESKTOP-2SU9F9I" time="0.011">
  <properties/>
  <testcase name="throws exception in case of invalid path from identifier.csv" classname="de.neonique.persistence.identifier.TestIdentifierManagerFromCSV" time="0.011"/>
  <system-out><![CDATA[]]></system-out>
  <system-err><![CDATA[]]></system-err>
</testsuite>
